Output of:
cc -Wall -Wshadow -Wwrite-strings -Wundef -Wstrict-prototypes -Wunused -Wunused-parameter -Wunused-function -Wunused-value -Wmissing-prototypes -Wmissing-declarations -Wno-format-security -Wno-format-truncation -Wold-style-definition -finline-limit=0 -fno-builtin-strlen -fomit-frame-pointer -ffunction-sections -fdata-sections -fno-guess-branch-probability -funsigned-char -falign-functions=1 -falign-jumps=1 -falign-labels=1 -falign-loops=1 -static-libgcc -fno-unwind-tables -fno-asynchronous-unwind-tables -Os -I/usr/include/lua5.3 -Wl,-E -L/home/user/Downloads/swupdate -o tools/swupdate-ipc -Wl,--sort-common -Wl,--sort-section,alignment -Wl,--gc-sections -Wl,--start-group tools/swupdate-ipc.o corelib/lib.a mongoose/lib.a parser/lib.a suricatta/lib.a fs/lib.a -Wl,--end-group -Wl,--start-group -lcurl -ljson-c -l:libswupdate.so.0.1 -Wl,--end-group -Wl,--warn-common -Wl,-Map,tools/swupdate-ipc.map -Wl,--verbose
==========
GNU ld (GNU Binutils for Ubuntu) 2.34
  Supported emulations:
   aarch64linux
   aarch64elf
   aarch64elf32
   aarch64elf32b
   aarch64elfb
   armelf
   armelfb
   aarch64linuxb
   aarch64linux32
   aarch64linux32b
   armelfb_linux_eabi
   armelf_linux_eabi
using internal linker script:
==================================================
/* Script for -pie -z combreloc -z relro -z now */
/* Copyright (C) 2014-2020 Free Software Foundation, Inc.
   Copying and distribution of this script, with or without modification,
   are permitted in any medium without royalty provided the copyright
   notice and this notice are preserved.  */
OUTPUT_FORMAT("elf64-littleaarch64", "elf64-bigaarch64",
	      "elf64-littleaarch64")
OUTPUT_ARCH(aarch64)
ENTRY(_start)
SEARCH_DIR("=/usr/local/lib/aarch64-linux-gnu"); SEARCH_DIR("=/lib/aarch64-linux-gnu"); SEARCH_DIR("=/usr/lib/aarch64-linux-gnu"); SEARCH_DIR("=/usr/local/lib"); SEARCH_DIR("=/lib"); SEARCH_DIR("=/usr/lib"); SEARCH_DIR("=/usr/aarch64-linux-gnu/lib");
SECTIONS
{
  /* Read-only sections, merged into text segment: */
  PROVIDE (__executable_start = SEGMENT_START("text-segment", 0)); . = SEGMENT_START("text-segment", 0) + SIZEOF_HEADERS;
  .interp         : { *(.interp) }
  .note.gnu.build-id  : { *(.note.gnu.build-id) }
  .hash           : { *(.hash) }
  .gnu.hash       : { *(.gnu.hash) }
  .dynsym         : { *(.dynsym) }
  .dynstr         : { *(.dynstr) }
  .gnu.version    : { *(.gnu.version) }
  .gnu.version_d  : { *(.gnu.version_d) }
  .gnu.version_r  : { *(.gnu.version_r) }
  .rela.dyn       :
    {
      *(.rela.init)
      *(.rela.text .rela.text.* .rela.gnu.linkonce.t.*)
      *(.rela.fini)
      *(.rela.rodata .rela.rodata.* .rela.gnu.linkonce.r.*)
      *(.rela.data .rela.data.* .rela.gnu.linkonce.d.*)
      *(.rela.tdata .rela.tdata.* .rela.gnu.linkonce.td.*)
      *(.rela.tbss .rela.tbss.* .rela.gnu.linkonce.tb.*)
      *(.rela.ctors)
      *(.rela.dtors)
      *(.rela.got)
      *(.rela.bss .rela.bss.* .rela.gnu.linkonce.b.*)
      *(.rela.ifunc)
    }
  .rela.plt       :
    {
      *(.rela.plt)
      *(.rela.iplt)
    }
  .init           :
  {
    KEEP (*(SORT_NONE(.init)))
  } =0x1f2003d5
  .plt            : ALIGN(16) { *(.plt) *(.iplt) }
  .text           :
  {
    *(.text.unlikely .text.*_unlikely .text.unlikely.*)
    *(.text.exit .text.exit.*)
    *(.text.startup .text.startup.*)
    *(.text.hot .text.hot.*)
    *(SORT(.text.sorted.*))
    *(.text .stub .text.* .gnu.linkonce.t.*)
    /* .gnu.warning sections are handled specially by elf.em.  */
    *(.gnu.warning)
  } =0x1f2003d5
  .fini           :
  {
    KEEP (*(SORT_NONE(.fini)))
  } =0x1f2003d5
  PROVIDE (__etext = .);
  PROVIDE (_etext = .);
  PROVIDE (etext = .);
  .rodata         : { *(.rodata .rodata.* .gnu.linkonce.r.*) }
  .rodata1        : { *(.rodata1) }
  .eh_frame_hdr   : { *(.eh_frame_hdr) *(.eh_frame_entry .eh_frame_entry.*) }
  .eh_frame       : ONLY_IF_RO { KEEP (*(.eh_frame)) *(.eh_frame.*) }
  .gcc_except_table   : ONLY_IF_RO { *(.gcc_except_table .gcc_except_table.*) }
  .gnu_extab   : ONLY_IF_RO { *(.gnu_extab*) }
  /* These sections are generated by the Sun/Oracle C++ compiler.  */
  .exception_ranges   : ONLY_IF_RO { *(.exception_ranges*) }
  /* Adjust the address for the data segment.  We want to adjust up to
     the same address within the page on the next page up.  */
  . = DATA_SEGMENT_ALIGN (CONSTANT (MAXPAGESIZE), CONSTANT (COMMONPAGESIZE));
  /* Exception handling  */
  .eh_frame       : ONLY_IF_RW { KEEP (*(.eh_frame)) *(.eh_frame.*) }
  .gnu_extab      : ONLY_IF_RW { *(.gnu_extab) }
  .gcc_except_table   : ONLY_IF_RW { *(.gcc_except_table .gcc_except_table.*) }
  .exception_ranges   : ONLY_IF_RW { *(.exception_ranges*) }
  /* Thread Local Storage sections  */
  .tdata	  :
   {
     PROVIDE_HIDDEN (__tdata_start = .);
     *(.tdata .tdata.* .gnu.linkonce.td.*)
   }
  .tbss		  : { *(.tbss .tbss.* .gnu.linkonce.tb.*) *(.tcommon) }
  .preinit_array    :
  {
    PROVIDE_HIDDEN (__preinit_array_start = .);
    KEEP (*(.preinit_array))
    PROVIDE_HIDDEN (__preinit_array_end = .);
  }
  .init_array    :
  {
    PROVIDE_HIDDEN (__init_array_start = .);
    KEEP (*(SORT_BY_INIT_PRIORITY(.init_array.*) SORT_BY_INIT_PRIORITY(.ctors.*)))
    KEEP (*(.init_array EXCLUDE_FILE (*crtbegin.o *crtbegin?.o *crtend.o *crtend?.o ) .ctors))
    PROVIDE_HIDDEN (__init_array_end = .);
  }
  .fini_array    :
  {
    PROVIDE_HIDDEN (__fini_array_start = .);
    KEEP (*(SORT_BY_INIT_PRIORITY(.fini_array.*) SORT_BY_INIT_PRIORITY(.dtors.*)))
    KEEP (*(.fini_array EXCLUDE_FILE (*crtbegin.o *crtbegin?.o *crtend.o *crtend?.o ) .dtors))
    PROVIDE_HIDDEN (__fini_array_end = .);
  }
  .ctors          :
  {
    /* gcc uses crtbegin.o to find the start of
       the constructors, so we make sure it is
       first.  Because this is a wildcard, it
       doesn't matter if the user does not
       actually link against crtbegin.o; the
       linker won't look for a file to match a
       wildcard.  The wildcard also means that it
       doesn't matter which directory crtbegin.o
       is in.  */
    KEEP (*crtbegin.o(.ctors))
    KEEP (*crtbegin?.o(.ctors))
    /* We don't want to include the .ctor section from
       the crtend.o file until after the sorted ctors.
       The .ctor section from the crtend file contains the
       end of ctors marker and it must be last */
    KEEP (*(EXCLUDE_FILE (*crtend.o *crtend?.o ) .ctors))
    KEEP (*(SORT(.ctors.*)))
    KEEP (*(.ctors))
  }
  .dtors          :
  {
    KEEP (*crtbegin.o(.dtors))
    KEEP (*crtbegin?.o(.dtors))
    KEEP (*(EXCLUDE_FILE (*crtend.o *crtend?.o ) .dtors))
    KEEP (*(SORT(.dtors.*)))
    KEEP (*(.dtors))
  }
  .jcr            : { KEEP (*(.jcr)) }
  .data.rel.ro : { *(.data.rel.ro.local* .gnu.linkonce.d.rel.ro.local.*) *(.data.rel.ro .data.rel.ro.* .gnu.linkonce.d.rel.ro.*) }
  .dynamic        : { *(.dynamic) }
  .got            : { *(.got.plt) *(.igot.plt) *(.got) *(.igot) }
  . = DATA_SEGMENT_RELRO_END (0, .);
  .data           :
  {
    PROVIDE (__data_start = .);
    *(.data .data.* .gnu.linkonce.d.*)
    SORT(CONSTRUCTORS)
  }
  .data1          : { *(.data1) }
  _edata = .; PROVIDE (edata = .);
  . = .;
  __bss_start = .;
  __bss_start__ = .;
  .bss            :
  {
   *(.dynbss)
   *(.bss .bss.* .gnu.linkonce.b.*)
   *(COMMON)
   /* Align here to ensure that the .bss section occupies space up to
      _end.  Align after .bss to ensure correct alignment even if the
      .bss section disappears because there are no input sections.
      FIXME: Why do we need it? When there is no .bss section, we do not
      pad the .data section.  */
   . = ALIGN(. != 0 ? 64 / 8 : 1);
  }
  _bss_end__ = .; __bss_end__ = .;
  . = ALIGN(64 / 8);
  . = SEGMENT_START("ldata-segment", .);
  . = ALIGN(64 / 8);
  __end__ = .;
  _end = .; PROVIDE (end = .);
  . = DATA_SEGMENT_END (.);
  /* Stabs debugging sections.  */
  .stab          0 : { *(.stab) }
  .stabstr       0 : { *(.stabstr) }
  .stab.excl     0 : { *(.stab.excl) }
  .stab.exclstr  0 : { *(.stab.exclstr) }
  .stab.index    0 : { *(.stab.index) }
  .stab.indexstr 0 : { *(.stab.indexstr) }
  .comment       0 : { *(.comment) }
  .gnu.build.attributes : { *(.gnu.build.attributes .gnu.build.attributes.*) }
  /* DWARF debug sections.
     Symbols in the DWARF debugging sections are relative to the beginning
     of the section so we begin them at 0.  */
  /* DWARF 1 */
  .debug          0 : { *(.debug) }
  .line           0 : { *(.line) }
  /* GNU DWARF 1 extensions */
  .debug_srcinfo  0 : { *(.debug_srcinfo) }
  .debug_sfnames  0 : { *(.debug_sfnames) }
  /* DWARF 1.1 and DWARF 2 */
  .debug_aranges  0 : { *(.debug_aranges) }
  .debug_pubnames 0 : { *(.debug_pubnames) }
  /* DWARF 2 */
  .debug_info     0 : { *(.debug_info .gnu.linkonce.wi.*) }
  .debug_abbrev   0 : { *(.debug_abbrev) }
  .debug_line     0 : { *(.debug_line .debug_line.* .debug_line_end) }
  .debug_frame    0 : { *(.debug_frame) }
  .debug_str      0 : { *(.debug_str) }
  .debug_loc      0 : { *(.debug_loc) }
  .debug_macinfo  0 : { *(.debug_macinfo) }
  /* SGI/MIPS DWARF 2 extensions */
  .debug_weaknames 0 : { *(.debug_weaknames) }
  .debug_funcnames 0 : { *(.debug_funcnames) }
  .debug_typenames 0 : { *(.debug_typenames) }
  .debug_varnames  0 : { *(.debug_varnames) }
  /* DWARF 3 */
  .debug_pubtypes 0 : { *(.debug_pubtypes) }
  .debug_ranges   0 : { *(.debug_ranges) }
  /* DWARF Extension.  */
  .debug_macro    0 : { *(.debug_macro) }
  .debug_addr     0 : { *(.debug_addr) }
  .ARM.attributes 0 : { KEEP (*(.ARM.attributes)) KEEP (*(.gnu.attributes)) }
  .note.gnu.arm.ident 0 : { KEEP (*(.note.gnu.arm.ident)) }
  /DISCARD/ : { *(.note.GNU-stack) *(.gnu_debuglink) *(.gnu.lto_*) }
}


==================================================
/usr/bin/ld: mode aarch64linux
attempt to open /usr/lib/gcc/aarch64-linux-gnu/9/../../../aarch64-linux-gnu/Scrt1.o succeeded
/usr/lib/gcc/aarch64-linux-gnu/9/../../../aarch64-linux-gnu/Scrt1.o
attempt to open /usr/lib/gcc/aarch64-linux-gnu/9/../../../aarch64-linux-gnu/crti.o succeeded
/usr/lib/gcc/aarch64-linux-gnu/9/../../../aarch64-linux-gnu/crti.o
attempt to open /usr/lib/gcc/aarch64-linux-gnu/9/crtbeginS.o succeeded
/usr/lib/gcc/aarch64-linux-gnu/9/crtbeginS.o
attempt to open tools/swupdate-ipc.o succeeded
tools/swupdate-ipc.o
attempt to open corelib/lib.a succeeded
corelib/lib.a
attempt to open mongoose/lib.a succeeded
mongoose/lib.a
attempt to open parser/lib.a succeeded
parser/lib.a
attempt to open suricatta/lib.a succeeded
suricatta/lib.a
attempt to open fs/lib.a succeeded
fs/lib.a
corelib/lib.a
mongoose/lib.a
parser/lib.a
suricatta/lib.a
fs/lib.a
attempt to open /home/user/Downloads/swupdate/libcurl.so failed
attempt to open /home/user/Downloads/swupdate/libcurl.a failed
attempt to open /usr/lib/gcc/aarch64-linux-gnu/9/libcurl.so failed
attempt to open /usr/lib/gcc/aarch64-linux-gnu/9/libcurl.a failed
attempt to open /usr/lib/gcc/aarch64-linux-gnu/9/../../../aarch64-linux-gnu/libcurl.so succeeded
/usr/lib/gcc/aarch64-linux-gnu/9/../../../aarch64-linux-gnu/libcurl.so
attempt to open /home/user/Downloads/swupdate/libjson-c.so failed
attempt to open /home/user/Downloads/swupdate/libjson-c.a failed
attempt to open /usr/lib/gcc/aarch64-linux-gnu/9/libjson-c.so failed
attempt to open /usr/lib/gcc/aarch64-linux-gnu/9/libjson-c.a failed
attempt to open /usr/lib/gcc/aarch64-linux-gnu/9/../../../aarch64-linux-gnu/libjson-c.so succeeded
/usr/lib/gcc/aarch64-linux-gnu/9/../../../aarch64-linux-gnu/libjson-c.so
attempt to open /home/user/Downloads/swupdate/libswupdate.so.0.1 succeeded
/home/user/Downloads/swupdate/libswupdate.so.0.1
attempt to open /home/user/Downloads/swupdate/libgcc.so failed
attempt to open /home/user/Downloads/swupdate/libgcc.a failed
attempt to open /usr/lib/gcc/aarch64-linux-gnu/9/libgcc.so failed
attempt to open /usr/lib/gcc/aarch64-linux-gnu/9/libgcc.a succeeded
/usr/lib/gcc/aarch64-linux-gnu/9/libgcc.a
attempt to open /home/user/Downloads/swupdate/libgcc_eh.so failed
attempt to open /home/user/Downloads/swupdate/libgcc_eh.a failed
attempt to open /usr/lib/gcc/aarch64-linux-gnu/9/libgcc_eh.so failed
attempt to open /usr/lib/gcc/aarch64-linux-gnu/9/libgcc_eh.a succeeded
/usr/lib/gcc/aarch64-linux-gnu/9/libgcc_eh.a
attempt to open /home/user/Downloads/swupdate/libc.so failed
attempt to open /home/user/Downloads/swupdate/libc.a failed
attempt to open /usr/lib/gcc/aarch64-linux-gnu/9/libc.so failed
attempt to open /usr/lib/gcc/aarch64-linux-gnu/9/libc.a failed
attempt to open /usr/lib/gcc/aarch64-linux-gnu/9/../../../aarch64-linux-gnu/libc.so succeeded
opened script file /usr/lib/gcc/aarch64-linux-gnu/9/../../../aarch64-linux-gnu/libc.so
/usr/lib/gcc/aarch64-linux-gnu/9/../../../aarch64-linux-gnu/libc.so
opened script file /usr/lib/gcc/aarch64-linux-gnu/9/../../../aarch64-linux-gnu/libc.so
attempt to open /lib/aarch64-linux-gnu/libc.so.6 succeeded
/lib/aarch64-linux-gnu/libc.so.6
attempt to open /usr/lib/aarch64-linux-gnu/libc_nonshared.a succeeded
/usr/lib/aarch64-linux-gnu/libc_nonshared.a
(/usr/lib/aarch64-linux-gnu/libc_nonshared.a)elf-init.oS
attempt to open /lib/aarch64-linux-gnu/ld-linux-aarch64.so.1 succeeded
/lib/aarch64-linux-gnu/ld-linux-aarch64.so.1
/usr/lib/aarch64-linux-gnu/libc_nonshared.a
attempt to open /home/user/Downloads/swupdate/libgcc.so failed
attempt to open /home/user/Downloads/swupdate/libgcc.a failed
attempt to open /usr/lib/gcc/aarch64-linux-gnu/9/libgcc.so failed
attempt to open /usr/lib/gcc/aarch64-linux-gnu/9/libgcc.a succeeded
/usr/lib/gcc/aarch64-linux-gnu/9/libgcc.a
attempt to open /home/user/Downloads/swupdate/libgcc_eh.so failed
attempt to open /home/user/Downloads/swupdate/libgcc_eh.a failed
attempt to open /usr/lib/gcc/aarch64-linux-gnu/9/libgcc_eh.so failed
attempt to open /usr/lib/gcc/aarch64-linux-gnu/9/libgcc_eh.a succeeded
/usr/lib/gcc/aarch64-linux-gnu/9/libgcc_eh.a
attempt to open /usr/lib/gcc/aarch64-linux-gnu/9/crtendS.o succeeded
/usr/lib/gcc/aarch64-linux-gnu/9/crtendS.o
attempt to open /usr/lib/gcc/aarch64-linux-gnu/9/../../../aarch64-linux-gnu/crtn.o succeeded
/usr/lib/gcc/aarch64-linux-gnu/9/../../../aarch64-linux-gnu/crtn.o
libnghttp2.so.14 needed by /usr/lib/gcc/aarch64-linux-gnu/9/../../../aarch64-linux-gnu/libcurl.so
attempt to open /usr/lib/libnghttp2.so.14 failed
attempt to open /usr/local/lib/aarch64-linux-gnu/libnghttp2.so.14 failed
found libnghttp2.so.14 at /lib/aarch64-linux-gnu/libnghttp2.so.14
libidn2.so.0 needed by /usr/lib/gcc/aarch64-linux-gnu/9/../../../aarch64-linux-gnu/libcurl.so
attempt to open /usr/lib/libidn2.so.0 failed
attempt to open /usr/local/lib/aarch64-linux-gnu/libidn2.so.0 failed
found libidn2.so.0 at /lib/aarch64-linux-gnu/libidn2.so.0
librtmp.so.1 needed by /usr/lib/gcc/aarch64-linux-gnu/9/../../../aarch64-linux-gnu/libcurl.so
attempt to open /usr/lib/librtmp.so.1 failed
attempt to open /usr/local/lib/aarch64-linux-gnu/librtmp.so.1 failed
found librtmp.so.1 at /lib/aarch64-linux-gnu/librtmp.so.1
libssh.so.4 needed by /usr/lib/gcc/aarch64-linux-gnu/9/../../../aarch64-linux-gnu/libcurl.so
attempt to open /usr/lib/libssh.so.4 failed
attempt to open /usr/local/lib/aarch64-linux-gnu/libssh.so.4 failed
found libssh.so.4 at /lib/aarch64-linux-gnu/libssh.so.4
libpsl.so.5 needed by /usr/lib/gcc/aarch64-linux-gnu/9/../../../aarch64-linux-gnu/libcurl.so
attempt to open /usr/lib/libpsl.so.5 failed
attempt to open /usr/local/lib/aarch64-linux-gnu/libpsl.so.5 failed
found libpsl.so.5 at /lib/aarch64-linux-gnu/libpsl.so.5
libssl.so.1.1 needed by /usr/lib/gcc/aarch64-linux-gnu/9/../../../aarch64-linux-gnu/libcurl.so
attempt to open /usr/lib/libssl.so.1.1 failed
attempt to open /usr/local/lib/aarch64-linux-gnu/libssl.so.1.1 failed
found libssl.so.1.1 at /lib/aarch64-linux-gnu/libssl.so.1.1
libcrypto.so.1.1 needed by /usr/lib/gcc/aarch64-linux-gnu/9/../../../aarch64-linux-gnu/libcurl.so
attempt to open /usr/lib/libcrypto.so.1.1 failed
attempt to open /usr/local/lib/aarch64-linux-gnu/libcrypto.so.1.1 failed
found libcrypto.so.1.1 at /lib/aarch64-linux-gnu/libcrypto.so.1.1
libgssapi_krb5.so.2 needed by /usr/lib/gcc/aarch64-linux-gnu/9/../../../aarch64-linux-gnu/libcurl.so
attempt to open /usr/lib/libgssapi_krb5.so.2 failed
attempt to open /usr/local/lib/aarch64-linux-gnu/libgssapi_krb5.so.2 failed
found libgssapi_krb5.so.2 at /lib/aarch64-linux-gnu/libgssapi_krb5.so.2
libldap_r-2.4.so.2 needed by /usr/lib/gcc/aarch64-linux-gnu/9/../../../aarch64-linux-gnu/libcurl.so
attempt to open /usr/lib/libldap_r-2.4.so.2 failed
attempt to open /usr/local/lib/aarch64-linux-gnu/libldap_r-2.4.so.2 failed
found libldap_r-2.4.so.2 at /lib/aarch64-linux-gnu/libldap_r-2.4.so.2
liblber-2.4.so.2 needed by /usr/lib/gcc/aarch64-linux-gnu/9/../../../aarch64-linux-gnu/libcurl.so
attempt to open /usr/lib/liblber-2.4.so.2 failed
attempt to open /usr/local/lib/aarch64-linux-gnu/liblber-2.4.so.2 failed
found liblber-2.4.so.2 at /lib/aarch64-linux-gnu/liblber-2.4.so.2
libbrotlidec.so.1 needed by /usr/lib/gcc/aarch64-linux-gnu/9/../../../aarch64-linux-gnu/libcurl.so
attempt to open /usr/lib/libbrotlidec.so.1 failed
attempt to open /usr/local/lib/aarch64-linux-gnu/libbrotlidec.so.1 failed
found libbrotlidec.so.1 at /lib/aarch64-linux-gnu/libbrotlidec.so.1
libz.so.1 needed by /usr/lib/gcc/aarch64-linux-gnu/9/../../../aarch64-linux-gnu/libcurl.so
attempt to open /usr/lib/libz.so.1 failed
attempt to open /usr/local/lib/aarch64-linux-gnu/libz.so.1 failed
found libz.so.1 at /lib/aarch64-linux-gnu/libz.so.1
libpthread.so.0 needed by /usr/lib/gcc/aarch64-linux-gnu/9/../../../aarch64-linux-gnu/libcurl.so
attempt to open /usr/lib/libpthread.so.0 failed
attempt to open /usr/local/lib/aarch64-linux-gnu/libpthread.so.0 failed
found libpthread.so.0 at /lib/aarch64-linux-gnu/libpthread.so.0
libunistring.so.2 needed by /lib/aarch64-linux-gnu/libidn2.so.0
attempt to open /usr/lib/libunistring.so.2 failed
attempt to open /usr/local/lib/aarch64-linux-gnu/libunistring.so.2 failed
found libunistring.so.2 at /lib/aarch64-linux-gnu/libunistring.so.2
libgnutls.so.30 needed by /lib/aarch64-linux-gnu/librtmp.so.1
attempt to open /usr/lib/libgnutls.so.30 failed
attempt to open /usr/local/lib/aarch64-linux-gnu/libgnutls.so.30 failed
found libgnutls.so.30 at /lib/aarch64-linux-gnu/libgnutls.so.30
libhogweed.so.5 needed by /lib/aarch64-linux-gnu/librtmp.so.1
attempt to open /usr/lib/libhogweed.so.5 failed
attempt to open /usr/local/lib/aarch64-linux-gnu/libhogweed.so.5 failed
found libhogweed.so.5 at /lib/aarch64-linux-gnu/libhogweed.so.5
libnettle.so.7 needed by /lib/aarch64-linux-gnu/librtmp.so.1
attempt to open /usr/lib/libnettle.so.7 failed
attempt to open /usr/local/lib/aarch64-linux-gnu/libnettle.so.7 failed
found libnettle.so.7 at /lib/aarch64-linux-gnu/libnettle.so.7
libgmp.so.10 needed by /lib/aarch64-linux-gnu/librtmp.so.1
attempt to open /usr/lib/libgmp.so.10 failed
attempt to open /usr/local/lib/aarch64-linux-gnu/libgmp.so.10 failed
found libgmp.so.10 at /lib/aarch64-linux-gnu/libgmp.so.10
libdl.so.2 needed by /lib/aarch64-linux-gnu/libcrypto.so.1.1
attempt to open /usr/lib/libdl.so.2 failed
attempt to open /usr/local/lib/aarch64-linux-gnu/libdl.so.2 failed
found libdl.so.2 at /lib/aarch64-linux-gnu/libdl.so.2
libkrb5.so.3 needed by /lib/aarch64-linux-gnu/libgssapi_krb5.so.2
attempt to open /usr/lib/libkrb5.so.3 failed
attempt to open /usr/local/lib/aarch64-linux-gnu/libkrb5.so.3 failed
found libkrb5.so.3 at /lib/aarch64-linux-gnu/libkrb5.so.3
libk5crypto.so.3 needed by /lib/aarch64-linux-gnu/libgssapi_krb5.so.2
attempt to open /usr/lib/libk5crypto.so.3 failed
attempt to open /usr/local/lib/aarch64-linux-gnu/libk5crypto.so.3 failed
found libk5crypto.so.3 at /lib/aarch64-linux-gnu/libk5crypto.so.3
libcom_err.so.2 needed by /lib/aarch64-linux-gnu/libgssapi_krb5.so.2
attempt to open /usr/lib/libcom_err.so.2 failed
attempt to open /usr/local/lib/aarch64-linux-gnu/libcom_err.so.2 failed
found libcom_err.so.2 at /lib/aarch64-linux-gnu/libcom_err.so.2
libkrb5support.so.0 needed by /lib/aarch64-linux-gnu/libgssapi_krb5.so.2
attempt to open /usr/lib/libkrb5support.so.0 failed
attempt to open /usr/local/lib/aarch64-linux-gnu/libkrb5support.so.0 failed
found libkrb5support.so.0 at /lib/aarch64-linux-gnu/libkrb5support.so.0
libresolv.so.2 needed by /lib/aarch64-linux-gnu/libldap_r-2.4.so.2
attempt to open /usr/lib/libresolv.so.2 failed
attempt to open /usr/local/lib/aarch64-linux-gnu/libresolv.so.2 failed
found libresolv.so.2 at /lib/aarch64-linux-gnu/libresolv.so.2
libsasl2.so.2 needed by /lib/aarch64-linux-gnu/libldap_r-2.4.so.2
attempt to open /usr/lib/libsasl2.so.2 failed
attempt to open /usr/local/lib/aarch64-linux-gnu/libsasl2.so.2 failed
found libsasl2.so.2 at /lib/aarch64-linux-gnu/libsasl2.so.2
libgssapi.so.3 needed by /lib/aarch64-linux-gnu/libldap_r-2.4.so.2
attempt to open /usr/lib/libgssapi.so.3 failed
attempt to open /usr/local/lib/aarch64-linux-gnu/libgssapi.so.3 failed
found libgssapi.so.3 at /lib/aarch64-linux-gnu/libgssapi.so.3
libbrotlicommon.so.1 needed by /lib/aarch64-linux-gnu/libbrotlidec.so.1
attempt to open /usr/lib/libbrotlicommon.so.1 failed
attempt to open /usr/local/lib/aarch64-linux-gnu/libbrotlicommon.so.1 failed
found libbrotlicommon.so.1 at /lib/aarch64-linux-gnu/libbrotlicommon.so.1
libp11-kit.so.0 needed by /lib/aarch64-linux-gnu/libgnutls.so.30
attempt to open /usr/lib/libp11-kit.so.0 failed
attempt to open /usr/local/lib/aarch64-linux-gnu/libp11-kit.so.0 failed
found libp11-kit.so.0 at /lib/aarch64-linux-gnu/libp11-kit.so.0
libtasn1.so.6 needed by /lib/aarch64-linux-gnu/libgnutls.so.30
attempt to open /usr/lib/libtasn1.so.6 failed
attempt to open /usr/local/lib/aarch64-linux-gnu/libtasn1.so.6 failed
found libtasn1.so.6 at /lib/aarch64-linux-gnu/libtasn1.so.6
libkeyutils.so.1 needed by /lib/aarch64-linux-gnu/libkrb5.so.3
attempt to open /usr/lib/libkeyutils.so.1 failed
attempt to open /usr/local/lib/aarch64-linux-gnu/libkeyutils.so.1 failed
found libkeyutils.so.1 at /lib/aarch64-linux-gnu/libkeyutils.so.1
libheimntlm.so.0 needed by /lib/aarch64-linux-gnu/libgssapi.so.3
attempt to open /usr/lib/libheimntlm.so.0 failed
attempt to open /usr/local/lib/aarch64-linux-gnu/libheimntlm.so.0 failed
found libheimntlm.so.0 at /lib/aarch64-linux-gnu/libheimntlm.so.0
libkrb5.so.26 needed by /lib/aarch64-linux-gnu/libgssapi.so.3
attempt to open /usr/lib/libkrb5.so.26 failed
attempt to open /usr/local/lib/aarch64-linux-gnu/libkrb5.so.26 failed
found libkrb5.so.26 at /lib/aarch64-linux-gnu/libkrb5.so.26
libasn1.so.8 needed by /lib/aarch64-linux-gnu/libgssapi.so.3
attempt to open /usr/lib/libasn1.so.8 failed
attempt to open /usr/local/lib/aarch64-linux-gnu/libasn1.so.8 failed
found libasn1.so.8 at /lib/aarch64-linux-gnu/libasn1.so.8
libhcrypto.so.4 needed by /lib/aarch64-linux-gnu/libgssapi.so.3
attempt to open /usr/lib/libhcrypto.so.4 failed
attempt to open /usr/local/lib/aarch64-linux-gnu/libhcrypto.so.4 failed
found libhcrypto.so.4 at /lib/aarch64-linux-gnu/libhcrypto.so.4
libroken.so.18 needed by /lib/aarch64-linux-gnu/libgssapi.so.3
attempt to open /usr/lib/libroken.so.18 failed
attempt to open /usr/local/lib/aarch64-linux-gnu/libroken.so.18 failed
found libroken.so.18 at /lib/aarch64-linux-gnu/libroken.so.18
libffi.so.7 needed by /lib/aarch64-linux-gnu/libp11-kit.so.0
attempt to open /usr/lib/libffi.so.7 failed
attempt to open /usr/local/lib/aarch64-linux-gnu/libffi.so.7 failed
found libffi.so.7 at /lib/aarch64-linux-gnu/libffi.so.7
libwind.so.0 needed by /lib/aarch64-linux-gnu/libheimntlm.so.0
attempt to open /usr/lib/libwind.so.0 failed
attempt to open /usr/local/lib/aarch64-linux-gnu/libwind.so.0 failed
found libwind.so.0 at /lib/aarch64-linux-gnu/libwind.so.0
libheimbase.so.1 needed by /lib/aarch64-linux-gnu/libkrb5.so.26
attempt to open /usr/lib/libheimbase.so.1 failed
attempt to open /usr/local/lib/aarch64-linux-gnu/libheimbase.so.1 failed
found libheimbase.so.1 at /lib/aarch64-linux-gnu/libheimbase.so.1
libhx509.so.5 needed by /lib/aarch64-linux-gnu/libkrb5.so.26
attempt to open /usr/lib/libhx509.so.5 failed
attempt to open /usr/local/lib/aarch64-linux-gnu/libhx509.so.5 failed
found libhx509.so.5 at /lib/aarch64-linux-gnu/libhx509.so.5
libsqlite3.so.0 needed by /lib/aarch64-linux-gnu/libkrb5.so.26
attempt to open /usr/lib/libsqlite3.so.0 failed
attempt to open /usr/local/lib/aarch64-linux-gnu/libsqlite3.so.0 failed
found libsqlite3.so.0 at /lib/aarch64-linux-gnu/libsqlite3.so.0
libcrypt.so.1 needed by /lib/aarch64-linux-gnu/libkrb5.so.26
attempt to open /usr/lib/libcrypt.so.1 failed
attempt to open /usr/local/lib/aarch64-linux-gnu/libcrypt.so.1 failed
found libcrypt.so.1 at /lib/aarch64-linux-gnu/libcrypt.so.1
libm.so.6 needed by /lib/aarch64-linux-gnu/libsqlite3.so.0
attempt to open /usr/lib/libm.so.6 failed
attempt to open /usr/local/lib/aarch64-linux-gnu/libm.so.6 failed
found libm.so.6 at /lib/aarch64-linux-gnu/libm.so.6
